0 info it worked if it ends with ok
1 verbose cli [ '/usr/bin/node', '/usr/bin/npm', 'start' ]
2 info using npm@3.10.10
3 info using node@v6.12.2
4 verbose run-script [ 'prestart', 'start', 'poststart' ]
5 info lifecycle adq@1.0.0~prestart: adq@1.0.0
6 silly lifecycle adq@1.0.0~prestart: no script for prestart, continuing
7 info lifecycle adq@1.0.0~start: adq@1.0.0
8 verbose lifecycle adq@1.0.0~start: unsafe-perm in lifecycle true
9 verbose lifecycle adq@1.0.0~start: PATH: /usr/lib/node_modules/npm/bin/node-gyp-bin:/mnt/c/cygwin64/home/olbit/Thinkful/ADQ/node_modules/.bin:/home/Korneliu/bin:/home/Korneliu/.local/bin:/usr/local/sbin:/usr/local/bin:/usr/sbin:/usr/bin:/sbin:/bin:/usr/games:/usr/local/games:/mnt/c/Program Files/Oculus/Support/oculus-runtime:/mnt/c/ProgramData/Oracle/Java/javapath_target_16213375:/mnt/c/Windows/System32:/mnt/c/Windows:/mnt/c/Windows/System32/wbem:/mnt/c/Windows/System32/WindowsPowerShell/v1.0:/mnt/c/Program Files (x86)/QuickTime/QTSystem:/mnt/c/Program Files (x86)/Common Files/Intuit/QBPOSSDKRuntime:/mnt/c/Program Files (x86)/Common Files/Acronis/SnapAPI:/mnt/c/Program Files (x86)/NVIDIA Corporation/PhysX/Common:/mnt/c/Windows/System32:/mnt/c/Windows:/mnt/c/Windows/System32/wbem:/mnt/c/Windows/System32/WindowsPowerShell/v1.0:/mnt/c/Program Files (x86)/GtkSharp/2.12/bin:/mnt/c/Program Files (x86)/Skype/Phone:/mnt/c/Program Files/nodejs:/mnt/c/Windows/System32:/mnt/c/Windows:/mnt/c/Windows/System32/wbem:/mnt/c/Windows/System32/WindowsPowerShell/v1.0:/mnt/c/Program Files (x86)/Brackets/command:/mnt/c/Ruby24-x64/bin:/mnt/c/Program Files/MongoDB/Server/3.4/bin:/mnt/c/Program Files/Git/cmd:/mnt/c/Users/olbit/AppData/Local/Microsoft/WindowsApps:/mnt/c/Users/olbit/AppData/Roaming/npm:/mnt/c/Program Files/Microsoft VS Code/bin:/mnt/c/Program Files/Sublime Text 3:/mnt/c/Program Files/Heroku/bin:/snap/bin
10 verbose lifecycle adq@1.0.0~start: CWD: /mnt/c/cygwin64/home/olbit/Thinkful/ADQ
11 silly lifecycle adq@1.0.0~start: Args: [ '-c',
11 silly lifecycle   'DATABASE_URL=mongodb://adqUser:adqUser@ds117868.mlab.com:17868/adqproject node server.js' ]
12 silly lifecycle adq@1.0.0~start: Returned: code: 1  signal: null
13 info lifecycle adq@1.0.0~start: Failed to exec start script
14 verbose stack Error: adq@1.0.0 start: `DATABASE_URL=mongodb://adqUser:adqUser@ds117868.mlab.com:17868/adqproject node server.js`
14 verbose stack Exit status 1
14 verbose stack     at EventEmitter.<anonymous> (/usr/lib/node_modules/npm/lib/utils/lifecycle.js:255:16)
14 verbose stack     at emitTwo (events.js:106:13)
14 verbose stack     at EventEmitter.emit (events.js:191:7)
14 verbose stack     at ChildProcess.<anonymous> (/usr/lib/node_modules/npm/lib/utils/spawn.js:40:14)
14 verbose stack     at emitTwo (events.js:106:13)
14 verbose stack     at ChildProcess.emit (events.js:191:7)
14 verbose stack     at maybeClose (internal/child_process.js:920:16)
14 verbose stack     at Process.ChildProcess._handle.onexit (internal/child_process.js:230:5)
15 verbose pkgid adq@1.0.0
16 verbose cwd /mnt/c/cygwin64/home/olbit/Thinkful/ADQ
17 error Linux 4.4.0-43-Microsoft
18 error argv "/usr/bin/node" "/usr/bin/npm" "start"
19 error node v6.12.2
20 error npm  v3.10.10
21 error code ELIFECYCLE
22 error adq@1.0.0 start: `DATABASE_URL=mongodb://adqUser:adqUser@ds117868.mlab.com:17868/adqproject node server.js`
22 error Exit status 1
23 error Failed at the adq@1.0.0 start script 'DATABASE_URL=mongodb://adqUser:adqUser@ds117868.mlab.com:17868/adqproject node server.js'.
23 error Make sure you have the latest version of node.js and npm installed.
23 error If you do, this is most likely a problem with the adq package,
23 error not with npm itself.
23 error Tell the author that this fails on your system:
23 error     DATABASE_URL=mongodb://adqUser:adqUser@ds117868.mlab.com:17868/adqproject node server.js
23 error You can get information on how to open an issue for this project with:
23 error     npm bugs adq
23 error Or if that isn't available, you can get their info via:
23 error     npm owner ls adq
23 error There is likely additional logging output above.
24 verbose exit [ 1, true ]
